[32m[Nest] 25444  - [39m06/03/2026, 1:19:44 PM [32m    LOG[39m [38;5;3m[NestFactory] [39m[32mStarting Nest application...[39m
[32m[Nest] 25444  - [39m06/03/2026, 1:19:44 PM [32m    LOG[39m [38;5;3m[InstanceLoader] [39m[32mPrismaModule dependencies initialized[39m[38;5;3m +21ms[39m
[32m[Nest] 25444  - [39m06/03/2026, 1:19:44 PM [32m    LOG[39m [38;5;3m[InstanceLoader] [39m[32mPassportModule dependencies initialized[39m[38;5;3m +1ms[39m
[32m[Nest] 25444  - [39m06/03/2026, 1:19:44 PM [32m    LOG[39m [38;5;3m[InstanceLoader] [39m[32mJwtModule dependencies initialized[39m[38;5;3m +10ms[39m
[32m[Nest] 25444  - [39m06/03/2026, 1:19:44 PM [32m    LOG[39m [38;5;3m[InstanceLoader] [39m[32mDiscoveryModule dependencies initialized[39m[38;5;3m +1ms[39m
[32m[Nest] 25444  - [39m06/03/2026, 1:19:44 PM [32m    LOG[39m [38;5;3m[InstanceLoader] [39m[32mWebsocketsModule dependencies initialized[39m[38;5;3m +1ms[39m
[32m[Nest] 25444  - [39m06/03/2026, 1:19:44 PM [32m    LOG[39m [38;5;3m[InstanceLoader] [39m[32mScheduleModule dependencies initialized[39m[38;5;3m +0ms[39m
[32m[Nest] 25444  - [39m06/03/2026, 1:19:44 PM [32m    LOG[39m [38;5;3m[InstanceLoader] [39m[32mAuthModule dependencies initialized[39m[38;5;3m +1ms[39m
[32m[Nest] 25444  - [39m06/03/2026, 1:19:44 PM [32m    LOG[39m [38;5;3m[InstanceLoader] [39m[32mInspectorsModule dependencies initialized[39m[38;5;3m +1ms[39m
[32m[Nest] 25444  - [39m06/03/2026, 1:19:44 PM [32m    LOG[39m [38;5;3m[InstanceLoader] [39m[32mDashboardModule dependencies initialized[39m[38;5;3m +0ms[39m
[32m[Nest] 25444  - [39m06/03/2026, 1:19:44 PM [32m    LOG[39m [38;5;3m[InstanceLoader] [39m[32mAppModule dependencies initialized[39m[38;5;3m +0ms[39m
[32m[Nest] 25444  - [39m06/03/2026, 1:19:44 PM [32m    LOG[39m [38;5;3m[InstanceLoader] [39m[32mAuditLogsModule dependencies initialized[39m[38;5;3m +0ms[39m
[32m[Nest] 25444  - [39m06/03/2026, 1:19:44 PM [32m    LOG[39m [38;5;3m[InstanceLoader] [39m[32mUsersModule dependencies initialized[39m[38;5;3m +1ms[39m
[32m[Nest] 25444  - [39m06/03/2026, 1:19:44 PM [32m    LOG[39m [38;5;3m[InstanceLoader] [39m[32mEntitiesModule dependencies initialized[39m[38;5;3m +0ms[39m
[32m[Nest] 25444  - [39m06/03/2026, 1:19:44 PM [32m    LOG[39m [38;5;3m[InstanceLoader] [39m[32mCampaignsModule dependencies initialized[39m[38;5;3m +0ms[39m
[32m[Nest] 25444  - [39m06/03/2026, 1:19:44 PM [32m    LOG[39m [38;5;3m[InstanceLoader] [39m[32mInspectionsModule dependencies initialized[39m[38;5;3m +0ms[39m
[32m[Nest] 25444  - [39m06/03/2026, 1:19:44 PM [32m    LOG[39m [38;5;3m[InstanceLoader] [39m[32mReportsModule dependencies initialized[39m[38;5;3m +0ms[39m
[32m[Nest] 25444  - [39m06/03/2026, 1:19:44 PM [32m    LOG[39m [38;5;3m[InstanceLoader] [39m[32mCriteriaTemplatesModule dependencies initialized[39m[38;5;3m +0ms[39m
[32m[Nest] 25444  - [39m06/03/2026, 1:19:44 PM [32m    LOG[39m [38;5;3m[InstanceLoader] [39m[32mEvaluationOptionTypesModule dependencies initialized[39m[38;5;3m +1ms[39m
[32m[Nest] 25444  - [39m06/03/2026, 1:19:44 PM [32m    LOG[39m [38;5;3m[InstanceLoader] [39m[32mRiskLevelOptionsModule dependencies initialized[39m[38;5;3m +0ms[39m
[32m[Nest] 25444  - [39m06/03/2026, 1:19:44 PM [32m    LOG[39m [38;5;3m[InstanceLoader] [39m[32mRecommendationTrackingModule dependencies initialized[39m[38;5;3m +0ms[39m
[32m[Nest] 25444  - [39m06/03/2026, 1:19:44 PM [32m    LOG[39m [38;5;3m[InstanceLoader] [39m[32mAnalyticsModule dependencies initialized[39m[38;5;3m +0ms[39m
[32m[Nest] 25444  - [39m06/03/2026, 1:19:44 PM [32m    LOG[39m [38;5;3m[WebSocketsController] [39m[32mNotificationsGateway subscribed to the "join:recommendation" message[39m[38;5;3m +75ms[39m
[32m[Nest] 25444  - [39m06/03/2026, 1:19:44 PM [32m    LOG[39m [38;5;3m[WebSocketsController] [39m[32mNotificationsGateway subscribed to the "leave:recommendation" message[39m[38;5;3m +0ms[39m
[32m[Nest] 25444  - [39m06/03/2026, 1:19:44 PM [32m    LOG[39m [38;5;3m[RoutesResolver] [39m[32mAuthController {/auth}:[39m[38;5;3m +2ms[39m
[32m[Nest] 25444  - [39m06/03/2026, 1:19:44 PM [32m    LOG[39m [38;5;3m[RouterExplorer] [39m[32mMapped {/auth/login, POST} route[39m[38;5;3m +1ms[39m
[32m[Nest] 25444  - [39m06/03/2026, 1:19:44 PM [32m    LOG[39m [38;5;3m[RouterExplorer] [39m[32mMapped {/auth/seed, POST} route[39m[38;5;3m +1ms[39m
[32m[Nest] 25444  - [39m06/03/2026, 1:19:44 PM [32m    LOG[39m [38;5;3m[RouterExplorer] [39m[32mMapped {/auth/profile, GET} route[39m[38;5;3m +0ms[39m
[32m[Nest] 25444  - [39m06/03/2026, 1:19:44 PM [32m    LOG[39m [38;5;3m[RoutesResolver] [39m[32mAuditLogsController {/audit-logs}:[39m[38;5;3m +0ms[39m
[32m[Nest] 25444  - [39m06/03/2026, 1:19:44 PM [32m    LOG[39m [38;5;3m[RouterExplorer] [39m[32mMapped {/audit-logs, GET} route[39m[38;5;3m +1ms[39m
[32m[Nest] 25444  - [39m06/03/2026, 1:19:44 PM [32m    LOG[39m [38;5;3m[RoutesResolver] [39m[32mUsersController {/users}:[39m[38;5;3m +0ms[39m
[32m[Nest] 25444  - [39m06/03/2026, 1:19:44 PM [32m    LOG[39m [38;5;3m[RouterExplorer] [39m[32mMapped {/users, GET} route[39m[38;5;3m +0ms[39m
[32m[Nest] 25444  - [39m06/03/2026, 1:19:44 PM [32m    LOG[39m [38;5;3m[RouterExplorer] [39m[32mMapped {/users/roles, GET} route[39m[38;5;3m +0ms[39m
[32m[Nest] 25444  - [39m06/03/2026, 1:19:44 PM [32m    LOG[39m [38;5;3m[RouterExplorer] [39m[32mMapped {/users, POST} route[39m[38;5;3m +1ms[39m
[32m[Nest] 25444  - [39m06/03/2026, 1:19:44 PM [32m    LOG[39m [38;5;3m[RouterExplorer] [39m[32mMapped {/users/profile, PUT} route[39m[38;5;3m +0ms[39m
[32m[Nest] 25444  - [39m06/03/2026, 1:19:44 PM [32m    LOG[39m [38;5;3m[RouterExplorer] [39m[32mMapped {/users/:id, PUT} route[39m[38;5;3m +1ms[39m
[32m[Nest] 25444  - [39m06/03/2026, 1:19:44 PM [32m    LOG[39m [38;5;3m[RouterExplorer] [39m[32mMapped {/users/:id, DELETE} route[39m[38;5;3m +0ms[39m
[32m[Nest] 25444  - [39m06/03/2026, 1:19:44 PM [32m    LOG[39m [38;5;3m[RoutesResolver] [39m[32mEntitiesController {/entities}:[39m[38;5;3m +0ms[39m
[32m[Nest] 25444  - [39m06/03/2026, 1:19:44 PM [32m    LOG[39m [38;5;3m[RouterExplorer] [39m[32mMapped {/entities, GET} route[39m[38;5;3m +0ms[39m
[32m[Nest] 25444  - [39m06/03/2026, 1:19:44 PM [32m    LOG[39m [38;5;3m[RouterExplorer] [39m[32mMapped {/entities/:id, GET} route[39m[38;5;3m +1ms[39m
[32m[Nest] 25444  - [39m06/03/2026, 1:19:44 PM [32m    LOG[39m [38;5;3m[RouterExplorer] [39m[32mMapped {/entities, POST} route[39m[38;5;3m +0ms[39m
[32m[Nest] 25444  - [39m06/03/2026, 1:19:44 PM [32m    LOG[39m [38;5;3m[RouterExplorer] [39m[32mMapped {/entities/:id, PUT} route[39m[38;5;3m +0ms[39m
[32m[Nest] 25444  - [39m06/03/2026, 1:19:44 PM [32m    LOG[39m [38;5;3m[RouterExplorer] [39m[32mMapped {/entities/:id, DELETE} route[39m[38;5;3m +0ms[39m
[32m[Nest] 25444  - [39m06/03/2026, 1:19:44 PM [32m    LOG[39m [38;5;3m[RouterExplorer] [39m[32mMapped {/entities/:id/positions, POST} route[39m[38;5;3m +1ms[39m
[32m[Nest] 25444  - [39m06/03/2026, 1:19:44 PM [32m    LOG[39m [38;5;3m[RouterExplorer] [39m[32mMapped {/entities/positions/:posId, PUT} route[39m[38;5;3m +0ms[39m
[32m[Nest] 25444  - [39m06/03/2026, 1:19:44 PM [32m    LOG[39m [38;5;3m[RouterExplorer] [39m[32mMapped {/entities/positions/:posId, DELETE} route[39m[38;5;3m +0ms[39m
[32m[Nest] 25444  - [39m06/03/2026, 1:19:44 PM [32m    LOG[39m [38;5;3m[RoutesResolver] [39m[32mCampaignsController {/campaigns}:[39m[38;5;3m +1ms[39m
[32m[Nest] 25444  - [39m06/03/2026, 1:19:44 PM [32m    LOG[39m [38;5;3m[RouterExplorer] [39m[32mMapped {/campaigns, GET} route[39m[38;5;3m +0ms[39m
[32m[Nest] 25444  - [39m06/03/2026, 1:19:44 PM [32m    LOG[39m [38;5;3m[RouterExplorer] [39m[32mMapped {/campaigns/types/all, GET} route[39m[38;5;3m +0ms[39m
[32m[Nest] 25444  - [39m06/03/2026, 1:19:44 PM [32m    LOG[39m [38;5;3m[RouterExplorer] [39m[32mMapped {/campaigns/types/create, POST} route[39m[38;5;3m +0ms[39m
[32m[Nest] 25444  - [39m06/03/2026, 1:19:44 PM [32m    LOG[39m [38;5;3m[RouterExplorer] [39m[32mMapped {/campaigns/types/update/:id, PUT} route[39m[38;5;3m +0ms[39m
[32m[Nest] 25444  - [39m06/03/2026, 1:19:44 PM [32m    LOG[39m [38;5;3m[RouterExplorer] [39m[32mMapped {/campaigns/types/delete/:id, DELETE} route[39m[38;5;3m +1ms[39m
[32m[Nest] 25444  - [39m06/03/2026, 1:19:44 PM [32m    LOG[39m [38;5;3m[RouterExplorer] [39m[32mMapped {/campaigns/:id, GET} route[39m[38;5;3m +0ms[39m
[32m[Nest] 25444  - [39m06/03/2026, 1:19:44 PM [32m    LOG[39m [38;5;3m[RouterExplorer] [39m[32mMapped {/campaigns, POST} route[39m[38;5;3m +0ms[39m
[32m[Nest] 25444  - [39m06/03/2026, 1:19:44 PM [32m    LOG[39m [38;5;3m[RouterExplorer] [39m[32mMapped {/campaigns/:id, PUT} route[39m[38;5;3m +0ms[39m
[32m[Nest] 25444  - [39m06/03/2026, 1:19:44 PM [32m    LOG[39m [38;5;3m[RouterExplorer] [39m[32mMapped {/campaigns/:id, DELETE} route[39m[38;5;3m +0ms[39m
[32m[Nest] 25444  - [39m06/03/2026, 1:19:44 PM [32m    LOG[39m [38;5;3m[RouterExplorer] [39m[32mMapped {/campaigns/:id/notes, POST} route[39m[38;5;3m +1ms[39m
[32m[Nest] 25444  - [39m06/03/2026, 1:19:44 PM [32m    LOG[39m [38;5;3m[RouterExplorer] [39m[32mMapped {/campaigns/notes/:noteId, PUT} route[39m[38;5;3m +0ms[39m
[32m[Nest] 25444  - [39m06/03/2026, 1:19:44 PM [32m    LOG[39m [38;5;3m[RouterExplorer] [39m[32mMapped {/campaigns/notes/:noteId, DELETE} route[39m[38;5;3m +0ms[39m
[32m[Nest] 25444  - [39m06/03/2026, 1:19:44 PM [32m    LOG[39m [38;5;3m[RouterExplorer] [39m[32mMapped {/campaigns/:id/recommendations, POST} route[39m[38;5;3m +0ms[39m
[32m[Nest] 25444  - [39m06/03/2026, 1:19:44 PM [32m    LOG[39m [38;5;3m[RouterExplorer] [39m[32mMapped {/campaigns/recommendations/:recId, PUT} route[39m[38;5;3m +0ms[39m
[32m[Nest] 25444  - [39m06/03/2026, 1:19:44 PM [32m    LOG[39m [38;5;3m[RouterExplorer] [39m[32mMapped {/campaigns/recommendations/:recId, DELETE} route[39m[38;5;3m +1ms[39m
[32m[Nest] 25444  - [39m06/03/2026, 1:19:44 PM [32m    LOG[39m [38;5;3m[RouterExplorer] [39m[32mMapped {/campaigns/:id/appendices, POST} route[39m[38;5;3m +0ms[39m
[32m[Nest] 25444  - [39m06/03/2026, 1:19:44 PM [32m    LOG[39m [38;5;3m[RouterExplorer] [39m[32mMapped {/campaigns/appendices/:appId, PUT} route[39m[38;5;3m +0ms[39m
[32m[Nest] 25444  - [39m06/03/2026, 1:19:44 PM [32m    LOG[39m [38;5;3m[RouterExplorer] [39m[32mMapped {/campaigns/appendices/:appId, DELETE} route[39m[38;5;3m +0ms[39m
[32m[Nest] 25444  - [39m06/03/2026, 1:19:44 PM [32m    LOG[39m [38;5;3m[RoutesResolver] [39m[32mInspectionsController {/inspections}:[39m[38;5;3m +0ms[39m
[32m[Nest] 25444  - [39m06/03/2026, 1:19:44 PM [32m    LOG[39m [38;5;3m[RouterExplorer] [39m[32mMapped {/inspections, GET} route[39m[38;5;3m +1ms[39m
[32m[Nest] 25444  - [39m06/03/2026, 1:19:44 PM [32m    LOG[39m [38;5;3m[RouterExplorer] [39m[32mMapped {/inspections/criteria-template, GET} route[39m[38;5;3m +0ms[39m
[32m[Nest] 25444  - [39m06/03/2026, 1:19:44 PM [32m    LOG[39m [38;5;3m[RouterExplorer] [39m[32mMapped {/inspections/:id, GET} route[39m[38;5;3m +0ms[39m
[32m[Nest] 25444  - [39m06/03/2026, 1:19:44 PM [32m    LOG[39m [38;5;3m[RouterExplorer] [39m[32mMapped {/inspections/campaign/:campaignId, GET} route[39m[38;5;3m +1ms[39m
[32m[Nest] 25444  - [39m06/03/2026, 1:19:44 PM [32m    LOG[39m [38;5;3m[RouterExplorer] [39m[32mMapped {/inspections, POST} route[39m[38;5;3m +0ms[39m
[32m[Nest] 25444  - [39m06/03/2026, 1:19:44 PM [32m    LOG[39m [38;5;3m[RouterExplorer] [39m[32mMapped {/inspections/:id/status, PUT} route[39m[38;5;3m +1ms[39m
[32m[Nest] 25444  - [39m06/03/2026, 1:19:44 PM [32m    LOG[39m [38;5;3m[RouterExplorer] [39m[32mMapped {/inspections/:id, DELETE} route[39m[38;5;3m +0ms[39m
[32m[Nest] 25444  - [39m06/03/2026, 1:19:44 PM [32m    LOG[39m [38;5;3m[RouterExplorer] [39m[32mMapped {/inspections/primary-criteria, POST} route[39m[38;5;3m +0ms[39m
[32m[Nest] 25444  - [39m06/03/2026, 1:19:44 PM [32m    LOG[39m [38;5;3m[RouterExplorer] [39m[32mMapped {/inspections/primary-criteria/:id, PUT} route[39m[38;5;3m +0ms[39m
[32m[Nest] 25444  - [39m06/03/2026, 1:19:44 PM [32m    LOG[39m [38;5;3m[RouterExplorer] [39m[32mMapped {/inspections/primary-criteria/:id, DELETE} route[39m[38;5;3m +1ms[39m
[32m[Nest] 25444  - [39m06/03/2026, 1:19:44 PM [32m    LOG[39m [38;5;3m[RouterExplorer] [39m[32mMapped {/inspections/secondary-criteria, POST} route[39m[38;5;3m +0ms[39m
[32m[Nest] 25444  - [39m06/03/2026, 1:19:44 PM [32m    LOG[39m [38;5;3m[RouterExplorer] [39m[32mMapped {/inspections/secondary-criteria/:id, PUT} route[39m[38;5;3m +0ms[39m
[32m[Nest] 25444  - [39m06/03/2026, 1:19:44 PM [32m    LOG[39m [38;5;3m[RouterExplorer] [39m[32mMapped {/inspections/secondary-criteria/:id, DELETE} route[39m[38;5;3m +0ms[39m
[32m[Nest] 25444  - [39m06/03/2026, 1:19:44 PM [32m    LOG[39m [38;5;3m[RouterExplorer] [39m[32mMapped {/inspections/criteria-detail, POST} route[39m[38;5;3m +0ms[39m
[32m[Nest] 25444  - [39m06/03/2026, 1:19:44 PM [32m    LOG[39m [38;5;3m[RouterExplorer] [39m[32mMapped {/inspections/criteria-option, POST} route[39m[38;5;3m +1ms[39m
[32m[Nest] 25444  - [39m06/03/2026, 1:19:44 PM [32m    LOG[39m [38;5;3m[RouterExplorer] [39m[32mMapped {/inspections/criteria-detail/:id, PUT} route[39m[38;5;3m +0ms[39m
[32m[Nest] 25444  - [39m06/03/2026, 1:19:44 PM [32m    LOG[39m [38;5;3m[RouterExplorer] [39m[32mMapped {/inspections/criteria-detail/:id, DELETE} route[39m[38;5;3m +0ms[39m
[32m[Nest] 25444  - [39m06/03/2026, 1:19:44 PM [32m    LOG[39m [38;5;3m[RouterExplorer] [39m[32mMapped {/inspections/primary-criteria/reorder, POST} route[39m[38;5;3m +0ms[39m
[32m[Nest] 25444  - [39m06/03/2026, 1:19:44 PM [32m    LOG[39m [38;5;3m[RouterExplorer] [39m[32mMapped {/inspections/secondary-criteria/reorder, POST} route[39m[38;5;3m +0ms[39m
[32m[Nest] 25444  - [39m06/03/2026, 1:19:44 PM [32m    LOG[39m [38;5;3m[RouterExplorer] [39m[32mMapped {/inspections/criteria-detail/reorder, POST} route[39m[38;5;3m +0ms[39m
[32m[Nest] 25444  - [39m06/03/2026, 1:19:44 PM [32m    LOG[39m [38;5;3m[RoutesResolver] [39m[32mReportsController {/reports}:[39m[38;5;3m +1ms[39m
[32m[Nest] 25444  - [39m06/03/2026, 1:19:44 PM [32m    LOG[39m [38;5;3m[RouterExplorer] [39m[32mMapped {/reports/campaign/:campaignId/payload, GET} route[39m[38;5;3m +0ms[39m
[32m[Nest] 25444  - [39m06/03/2026, 1:19:44 PM [32m    LOG[39m [38;5;3m[RouterExplorer] [39m[32mMapped {/reports/campaign/:campaignId/pdf, GET} route[39m[38;5;3m +0ms[39m
[32m[Nest] 25444  - [39m06/03/2026, 1:19:44 PM [32m    LOG[39m [38;5;3m[RouterExplorer] [39m[32mMapped {/reports/campaign/:campaignId/pdf, POST} route[39m[38;5;3m +0ms[39m
[32m[Nest] 25444  - [39m06/03/2026, 1:19:44 PM [32m    LOG[39m [38;5;3m[RouterExplorer] [39m[32mMapped {/reports/campaign/:campaignId/word, GET} route[39m[38;5;3m +0ms[39m
[32m[Nest] 25444  - [39m06/03/2026, 1:19:44 PM [32m    LOG[39m [38;5;3m[RouterExplorer] [39m[32mMapped {/reports/campaign/:campaignId/word, POST} route[39m[38;5;3m +1ms[39m
[32m[Nest] 25444  - [39m06/03/2026, 1:19:44 PM [32m    LOG[39m [38;5;3m[RouterExplorer] [39m[32mMapped {/reports/campaign/:campaignId/presentation, POST} route[39m[38;5;3m +0ms[39m
[32m[Nest] 25444  - [39m06/03/2026, 1:19:44 PM [32m    LOG[39m [38;5;3m[RouterExplorer] [39m[32mMapped {/reports/campaign/:campaignId/presentation, DELETE} route[39m[38;5;3m +0ms[39m
[32m[Nest] 25444  - [39m06/03/2026, 1:19:44 PM [32m    LOG[39m [38;5;3m[RouterExplorer] [39m[32mMapped {/reports/campaign/:campaignId/payload/debug, GET} route[39m[38;5;3m +0ms[39m
[32m[Nest] 25444  - [39m06/03/2026, 1:19:44 PM [32m    LOG[39m [38;5;3m[RoutesResolver] [39m[32mCriteriaTemplatesController {/criteria-templates}:[39m[38;5;3m +0ms[39m
[32m[Nest] 25444  - [39m06/03/2026, 1:19:44 PM [32m    LOG[39m [38;5;3m[RouterExplorer] [39m[32mMapped {/criteria-templates, GET} route[39m[38;5;3m +1ms[39m
[32m[Nest] 25444  - [39m06/03/2026, 1:19:44 PM [32m    LOG[39m [38;5;3m[RouterExplorer] [39m[32mMapped {/criteria-templates, POST} route[39m[38;5;3m +0ms[39m
[32m[Nest] 25444  - [39m06/03/2026, 1:19:44 PM [32m    LOG[39m [38;5;3m[RouterExplorer] [39m[32mMapped {/criteria-templates/create-from-current, POST} route[39m[38;5;3m +0ms[39m
[32m[Nest] 25444  - [39m06/03/2026, 1:19:44 PM [32m    LOG[39m [38;5;3m[RouterExplorer] [39m[32mMapped {/criteria-templates/:id, GET} route[39m[38;5;3m +0ms[39m
[32m[Nest] 25444  - [39m06/03/2026, 1:19:44 PM [32m    LOG[39m [38;5;3m[RouterExplorer] [39m[32mMapped {/criteria-templates/:id, PUT} route[39m[38;5;3m +0ms[39m
[32m[Nest] 25444  - [39m06/03/2026, 1:19:44 PM [32m    LOG[39m [38;5;3m[RouterExplorer] [39m[32mMapped {/criteria-templates/:id, DELETE} route[39m[38;5;3m +1ms[39m
[32m[Nest] 25444  - [39m06/03/2026, 1:19:44 PM [32m    LOG[39m [38;5;3m[RouterExplorer] [39m[32mMapped {/criteria-templates/:id/items, POST} route[39m[38;5;3m +0ms[39m
[32m[Nest] 25444  - [39m06/03/2026, 1:19:44 PM [32m    LOG[39m [38;5;3m[RouterExplorer] [39m[32mMapped {/criteria-templates/:id/items/:primaryId, DELETE} route[39m[38;5;3m +0ms[39m
[32m[Nest] 25444  - [39m06/03/2026, 1:19:44 PM [32m    LOG[39m [38;5;3m[RouterExplorer] [39m[32mMapped {/criteria-templates/:id/set-default, POST} route[39m[38;5;3m +0ms[39m
[32m[Nest] 25444  - [39m06/03/2026, 1:19:44 PM [32m    LOG[39m [38;5;3m[RoutesResolver] [39m[32mInspectorsController {/inspectors}:[39m[38;5;3m +0ms[39m
[32m[Nest] 25444  - [39m06/03/2026, 1:19:44 PM [32m    LOG[39m [38;5;3m[RouterExplorer] [39m[32mMapped {/inspectors, GET} route[39m[38;5;3m +1ms[39m
[32m[Nest] 25444  - [39m06/03/2026, 1:19:44 PM [32m    LOG[39m [38;5;3m[RouterExplorer] [39m[32mMapped {/inspectors/:id, GET} route[39m[38;5;3m +0ms[39m
[32m[Nest] 25444  - [39m06/03/2026, 1:19:44 PM [32m    LOG[39m [38;5;3m[RouterExplorer] [39m[32mMapped {/inspectors, POST} route[39m[38;5;3m +0ms[39m
[32m[Nest] 25444  - [39m06/03/2026, 1:19:44 PM [32m    LOG[39m [38;5;3m[RouterExplorer] [39m[32mMapped {/inspectors/:id, PUT} route[39m[38;5;3m +0ms[39m
[32m[Nest] 25444  - [39m06/03/2026, 1:19:44 PM [32m    LOG[39m [38;5;3m[RouterExplorer] [39m[32mMapped {/inspectors/:id, DELETE} route[39m[38;5;3m +0ms[39m
[32m[Nest] 25444  - [39m06/03/2026, 1:19:44 PM [32m    LOG[39m [38;5;3m[RoutesResolver] [39m[32mDashboardController {/dashboard}:[39m[38;5;3m +1ms[39m
[32m[Nest] 25444  - [39m06/03/2026, 1:19:44 PM [32m    LOG[39m [38;5;3m[RouterExplorer] [39m[32mMapped {/dashboard/executive/summary, GET} route[39m[38;5;3m +0ms[39m
[32m[Nest] 25444  - [39m06/03/2026, 1:19:44 PM [32m    LOG[39m [38;5;3m[RoutesResolver] [39m[32mRecommendationTrackingController {/recommendations/tracking}:[39m[38;5;3m +0ms[39m
[32m[Nest] 25444  - [39m06/03/2026, 1:19:44 PM [32m    LOG[39m [38;5;3m[RouterExplorer] [39m[32mMapped {/recommendations/tracking/stats/summary, GET} route[39m[38;5;3m +1ms[39m
[32m[Nest] 25444  - [39m06/03/2026, 1:19:44 PM [32m    LOG[39m [38;5;3m[RouterExplorer] [39m[32mMapped {/recommendations/tracking/stats/by-risk, GET} route[39m[38;5;3m +0ms[39m
[32m[Nest] 25444  - [39m06/03/2026, 1:19:44 PM [32m    LOG[39m [38;5;3m[RouterExplorer] [39m[32mMapped {/recommendations/tracking/stats/by-impact, GET} route[39m[38;5;3m +0ms[39m
[32m[Nest] 25444  - [39m06/03/2026, 1:19:44 PM [32m    LOG[39m [38;5;3m[RouterExplorer] [39m[32mMapped {/recommendations/tracking/stats/by-entity, GET} route[39m[38;5;3m +0ms[39m
[32m[Nest] 25444  - [39m06/03/2026, 1:19:44 PM [32m    LOG[39m [38;5;3m[RouterExplorer] [39m[32mMapped {/recommendations/tracking/admin/run-escalations, POST} route[39m[38;5;3m +1ms[39m
[32m[Nest] 25444  - [39m06/03/2026, 1:19:44 PM [32m    LOG[39m [38;5;3m[RouterExplorer] [39m[32mMapped {/recommendations/tracking/notifications/all, GET} route[39m[38;5;3m +0ms[39m
[32m[Nest] 25444  - [39m06/03/2026, 1:19:44 PM [32m    LOG[39m [38;5;3m[RouterExplorer] [39m[32mMapped {/recommendations/tracking/notifications/unread-count, GET} route[39m[38;5;3m +0ms[39m
[32m[Nest] 25444  - [39m06/03/2026, 1:19:44 PM [32m    LOG[39m [38;5;3m[RouterExplorer] [39m[32mMapped {/recommendations/tracking/notifications/:notifId/read, PATCH} route[39m[38;5;3m +1ms[39m
[32m[Nest] 25444  - [39m06/03/2026, 1:19:44 PM [32m    LOG[39m [38;5;3m[RouterExplorer] [39m[32mMapped {/recommendations/tracking/notifications/read-all, POST} route[39m[38;5;3m +0ms[39m
[32m[Nest] 25444  - [39m06/03/2026, 1:19:44 PM [32m    LOG[39m [38;5;3m[RouterExplorer] [39m[32mMapped {/recommendations/tracking, GET} route[39m[38;5;3m +0ms[39m
[32m[Nest] 25444  - [39m06/03/2026, 1:19:44 PM [32m    LOG[39m [38;5;3m[RouterExplorer] [39m[32mMapped {/recommendations/tracking/:id, GET} route[39m[38;5;3m +0ms[39m
[32m[Nest] 25444  - [39m06/03/2026, 1:19:44 PM [32m    LOG[39m [38;5;3m[RouterExplorer] [39m[32mMapped {/recommendations/tracking/:id/timeline, GET} route[39m[38;5;3m +0ms[39m
[32m[Nest] 25444  - [39m06/03/2026, 1:19:44 PM [32m    LOG[39m [38;5;3m[RouterExplorer] [39m[32mMapped {/recommendations/tracking/:id/assign, POST} route[39m[38;5;3m +1ms[39m
[32m[Nest] 25444  - [39m06/03/2026, 1:19:44 PM [32m    LOG[39m [38;5;3m[RouterExplorer] [39m[32mMapped {/recommendations/tracking/:id/progress, PATCH} route[39m[38;5;3m +0ms[39m
[32m[Nest] 25444  - [39m06/03/2026, 1:19:44 PM [32m    LOG[39m [38;5;3m[RouterExplorer] [39m[32mMapped {/recommendations/tracking/:id/comments, GET} route[39m[38;5;3m +0ms[39m
[32m[Nest] 25444  - [39m06/03/2026, 1:19:44 PM [32m    LOG[39m [38;5;3m[RouterExplorer] [39m[32mMapped {/recommendations/tracking/:id/comments, POST} route[39m[38;5;3m +0ms[39m
[32m[Nest] 25444  - [39m06/03/2026, 1:19:44 PM [32m    LOG[39m [38;5;3m[RouterExplorer] [39m[32mMapped {/recommendations/tracking/comments/:commentId, PUT} route[39m[38;5;3m +0ms[39m
[32m[Nest] 25444  - [39m06/03/2026, 1:19:44 PM [32m    LOG[39m [38;5;3m[RouterExplorer] [39m[32mMapped {/recommendations/tracking/comments/:commentId, DELETE} route[39m[38;5;3m +1ms[39m
[32m[Nest] 25444  - [39m06/03/2026, 1:19:44 PM [32m    LOG[39m [38;5;3m[RouterExplorer] [39m[32mMapped {/recommendations/tracking/:id/evidence, POST} route[39m[38;5;3m +0ms[39m
[32m[Nest] 25444  - [39m06/03/2026, 1:19:44 PM [32m    LOG[39m [38;5;3m[RouterExplorer] [39m[32mMapped {/recommendations/tracking/:id/verify-close, POST} route[39m[38;5;3m +0ms[39m
[32m[Nest] 25444  - [39m06/03/2026, 1:19:44 PM [32m    LOG[39m [38;5;3m[RoutesResolver] [39m[32mAnalyticsController {/analytics}:[39m[38;5;3m +0ms[39m
[32m[Nest] 25444  - [39m06/03/2026, 1:19:44 PM [32m    LOG[39m [38;5;3m[RouterExplorer] [39m[32mMapped {/analytics/executive-summary, GET} route[39m[38;5;3m +1ms[39m
[32m[Nest] 25444  - [39m06/03/2026, 1:19:44 PM [32m    LOG[39m [38;5;3m[RouterExplorer] [39m[32mMapped {/analytics/health-summary, GET} route[39m[38;5;3m +0ms[39m
[32m[Nest] 25444  - [39m06/03/2026, 1:19:44 PM [32m    LOG[39m [38;5;3m[RouterExplorer] [39m[32mMapped {/analytics/escalation-summary, GET} route[39m[38;5;3m +0ms[39m
[32m[Nest] 25444  - [39m06/03/2026, 1:19:44 PM [32m    LOG[39m [38;5;3m[RouterExplorer] [39m[32mMapped {/analytics/sla/metrics, GET} route[39m[38;5;3m +1ms[39m
[32m[Nest] 25444  - [39m06/03/2026, 1:19:44 PM [32m    LOG[39m [38;5;3m[RouterExplorer] [39m[32mMapped {/analytics/sla/metrics/:id, GET} route[39m[38;5;3m +0ms[39m
[32m[Nest] 25444  - [39m06/03/2026, 1:19:44 PM [32m    LOG[39m [38;5;3m[RouterExplorer] [39m[32mMapped {/analytics/sla/summary, GET} route[39m[38;5;3m +0ms[39m
[32m[Nest] 25444  - [39m06/03/2026, 1:19:44 PM [32m    LOG[39m [38;5;3m[RouterExplorer] [39m[32mMapped {/analytics/admin/trigger-snapshot, POST} route[39m[38;5;3m +0ms[39m
[32m[Nest] 25444  - [39m06/03/2026, 1:19:44 PM [32m    LOG[39m [38;5;3m[RouterExplorer] [39m[32mMapped {/analytics/admin/trigger-sla, POST} route[39m[38;5;3m +0ms[39m
[32m[Nest] 25444  - [39m06/03/2026, 1:19:44 PM [32m    LOG[39m [38;5;3m[RouterExplorer] [39m[32mMapped {/analytics/admin/trigger-backfill, POST} route[39m[38;5;3m +1ms[39m
[32m[Nest] 25444  - [39m06/03/2026, 1:19:44 PM [32m    LOG[39m [38;5;3m[RouterExplorer] [39m[32mMapped {/analytics/admin/clear-cache, POST} route[39m[38;5;3m +0ms[39m
[32m[Nest] 25444  - [39m06/03/2026, 1:19:44 PM [32m    LOG[39m [38;5;3m[RoutesResolver] [39m[32mEvaluationOptionTypesController {/evaluation-option-types}:[39m[38;5;3m +0ms[39m
[32m[Nest] 25444  - [39m06/03/2026, 1:19:44 PM [32m    LOG[39m [38;5;3m[RouterExplorer] [39m[32mMapped {/evaluation-option-types, GET} route[39m[38;5;3m +0ms[39m
[32m[Nest] 25444  - [39m06/03/2026, 1:19:44 PM [32m    LOG[39m [38;5;3m[RouterExplorer] [39m[32mMapped {/evaluation-option-types/active, GET} route[39m[38;5;3m +0ms[39m
[32m[Nest] 25444  - [39m06/03/2026, 1:19:44 PM [32m    LOG[39m [38;5;3m[RouterExplorer] [39m[32mMapped {/evaluation-option-types, POST} route[39m[38;5;3m +0ms[39m
[32m[Nest] 25444  - [39m06/03/2026, 1:19:44 PM [32m    LOG[39m [38;5;3m[RouterExplorer] [39m[32mMapped {/evaluation-option-types/:id, PUT} route[39m[38;5;3m +1ms[39m
[32m[Nest] 25444  - [39m06/03/2026, 1:19:44 PM [32m    LOG[39m [38;5;3m[RouterExplorer] [39m[32mMapped {/evaluation-option-types/:id/toggle, PATCH} route[39m[38;5;3m +0ms[39m
[32m[Nest] 25444  - [39m06/03/2026, 1:19:44 PM [32m    LOG[39m [38;5;3m[RouterExplorer] [39m[32mMapped {/evaluation-option-types/reorder, POST} route[39m[38;5;3m +0ms[39m
[32m[Nest] 25444  - [39m06/03/2026, 1:19:44 PM [32m    LOG[39m [38;5;3m[RoutesResolver] [39m[32mRiskLevelOptionsController {/risk-level-options}:[39m[38;5;3m +0ms[39m
[32m[Nest] 25444  - [39m06/03/2026, 1:19:44 PM [32m    LOG[39m [38;5;3m[RouterExplorer] [39m[32mMapped {/risk-level-options, GET} route[39m[38;5;3m +0ms[39m
[32m[Nest] 25444  - [39m06/03/2026, 1:19:44 PM [32m    LOG[39m [38;5;3m[RouterExplorer] [39m[32mMapped {/risk-level-options/active, GET} route[39m[38;5;3m +1ms[39m
[32m[Nest] 25444  - [39m06/03/2026, 1:19:44 PM [32m    LOG[39m [38;5;3m[RouterExplorer] [39m[32mMapped {/risk-level-options, POST} route[39m[38;5;3m +0ms[39m
[32m[Nest] 25444  - [39m06/03/2026, 1:19:44 PM [32m    LOG[39m [38;5;3m[RouterExplorer] [39m[32mMapped {/risk-level-options/:id, PUT} route[39m[38;5;3m +0ms[39m
[32m[Nest] 25444  - [39m06/03/2026, 1:19:44 PM [32m    LOG[39m [38;5;3m[RouterExplorer] [39m[32mMapped {/risk-level-options/:id/toggle, PATCH} route[39m[38;5;3m +0ms[39m
[32m[Nest] 25444  - [39m06/03/2026, 1:19:44 PM [32m    LOG[39m [38;5;3m[RouterExplorer] [39m[32mMapped {/risk-level-options/reorder, POST} route[39m[38;5;3m +0ms[39m
[32m[Nest] 25444  - [39m06/03/2026, 1:19:44 PM [32m    LOG[39m [38;5;3m[KpiEngineService] [39m[32mChecking database for initial historical backfill...[39m
[32m[Nest] 25444  - [39m06/03/2026, 1:19:44 PM [32m    LOG[39m [38;5;3m[KpiEngineService] [39m[32mFound 2 snapshots. Skipping historical backfill.[39m
[32m[Nest] 25444  - [39m06/03/2026, 1:19:44 PM [32m    LOG[39m [38;5;3m[NestApplication] [39m[32mNest application successfully started[39m[38;5;3m +1ms[39m
Backend server successfully started on: http://localhost:3001
Swagger documentation available at: http://localhost:3001/api/docs
[Websocket] Client authenticated. User 9c5b984f-78fc-41b9-a03f-9e7337dc688d joined room user:9c5b984f-78fc-41b9-a03f-9e7337dc688d
[Websocket] Client authenticated. User 9c5b984f-78fc-41b9-a03f-9e7337dc688d joined room user:9c5b984f-78fc-41b9-a03f-9e7337dc688d
[32m[Nest] 25444  - [39m06/03/2026, 1:23:46 PM [32m    LOG[39m [38;5;3m[SlaMonitoringService] [39m[32mStarting SLA monitoring breach scan (via SlaEngineService)...[39m
[32m[Nest] 25444  - [39m06/03/2026, 1:23:46 PM [32m    LOG[39m [38;5;3m[SlaEngineService] [39m[32mSLA Engine: scan started...[39m
[32m[Nest] 25444  - [39m06/03/2026, 1:23:46 PM [32m    LOG[39m [38;5;3m[SlaEngineService] [39m[32mSLA Engine: total scanned: 41[39m
[32m[Nest] 25444  - [39m06/03/2026, 1:23:46 PM [32m    LOG[39m [38;5;3m[SlaEngineService] [39m[32mSLA Engine: scan completed. Total scanned: 41, New breaches: 13, Existing skipped: 0[39m
[32m[Nest] 25444  - [39m06/03/2026, 1:23:46 PM [32m    LOG[39m [38;5;3m[SlaMonitoringService] [39m[32mSLA breach scan completed. Active breaches: Response: 13, Resolution: 0, Closure: 0[39m
[32m[Nest] 25444  - [39m06/03/2026, 1:23:46 PM [32m    LOG[39m [38;5;3m[KpiEngineService] [39m[32mAll analytics caches cleared.[39m
[32m[Nest] 25444  - [39m06/03/2026, 1:23:48 PM [32m    LOG[39m [38;5;3m[SlaMonitoringService] [39m[32mStarting SLA monitoring breach scan (via SlaEngineService)...[39m
[32m[Nest] 25444  - [39m06/03/2026, 1:23:48 PM [32m    LOG[39m [38;5;3m[SlaEngineService] [39m[32mSLA Engine: scan started...[39m
[32m[Nest] 25444  - [39m06/03/2026, 1:23:48 PM [32m    LOG[39m [38;5;3m[SlaEngineService] [39m[32mSLA Engine: total scanned: 41[39m
[32m[Nest] 25444  - [39m06/03/2026, 1:23:48 PM [32m    LOG[39m [38;5;3m[SlaEngineService] [39m[32mSLA Engine: scan completed. Total scanned: 41, New breaches: 0, Existing skipped: 13[39m
[32m[Nest] 25444  - [39m06/03/2026, 1:23:48 PM [32m    LOG[39m [38;5;3m[SlaMonitoringService] [39m[32mSLA breach scan completed. Active breaches: Response: 13, Resolution: 0, Closure: 0[39m
[32m[Nest] 25444  - [39m06/03/2026, 1:23:48 PM [32m    LOG[39m [38;5;3m[KpiEngineService] [39m[32mAll analytics caches cleared.[39m
[Websocket] Client authenticated. User 9c5b984f-78fc-41b9-a03f-9e7337dc688d joined room user:9c5b984f-78fc-41b9-a03f-9e7337dc688d
